<?xml version="1.0" encoding="UTF-8"?>
<!-- Generated by org.testng.reporters.JUnitReportReporter -->
<testsuite skipped="0" hostname="asda0101" name="com.qait.automation.annote.NewTest" tests="1" failures="0" timestamp="13 Jul 2018 06:10:59 GMT" time="10.880" errors="0">
  <testcase name="testlogin" time="10.880" classname="com.qait.automation.annote.NewTest"/>
</testsuite> <!-- com.qait.automation.annote.NewTest -->
